<?xml version="1.0" encoding="UTF-8"?>
<testng-results skipped="0" failed="0" ignored="0" total="1" passed="1">
  <reporter-output>
  </reporter-output>
  <suite name="Default suite" duration-ms="1794" started-at="2022-08-04T19:03:25Z" finished-at="2022-08-04T19:03:27Z">
    <groups>
    </groups>
    <test name="Default test" duration-ms="1794" started-at="2022-08-04T19:03:25Z" finished-at="2022-08-04T19:03:27Z">
      <class name="com.utility.ExcelUtility">
        <test-method status="PASS" signature="setup()[pri:0, instance:com.utility.ExcelUtility@3e6fa38a]" name="setup" is-config="true" duration-ms="21352" started-at="2022-08-04T12:03:04Z" finished-at="2022-08-04T12:03:25Z">
          <reporter-output>
          </reporter-output>
        </test-method> <!-- setup -->
        <test-method status="PASS" signature="test()[pri:0, instance:com.utility.ExcelUtility@3e6fa38a]" name="test" duration-ms="1612" started-at="2022-08-04T12:03:26Z" finished-at="2022-08-04T12:03:27Z">
          <reporter-output>
          </reporter-output>
        </test-method> <!-- test -->
      </class> <!-- com.utility.ExcelUtility -->
    </test> <!-- Default test -->
  </suite> <!-- Default suite -->
</testng-results>
